[0m16:53:08.812823 [debug] [MainThread]: Sending event: {'category': 'dbt', 'action': 'invocation', 'label': 'start', 'context': [<snowplow_tracker.self_describing_json.SelfDescribingJson object at 0x000001684A223530>, <snowplow_tracker.self_describing_json.SelfDescribingJson object at 0x000001684CE16D80>, <snowplow_tracker.self_describing_json.SelfDescribingJson object at 0x000001684CE17DA0>]}


============================== 16:53:08.861861 | cd990bd6-2ee6-4137-9798-9642f0dcc85d ==============================
[0m16:53:08.861861 [info ] [MainThread]: Running with dbt=1.10.13
[0m16:53:08.862860 [debug] [MainThread]: running dbt with arguments {'cache_selected_only': 'False', 'use_colors': 'True', 'target_path': 'None', 'log_format': 'default', 'no_print': 'None', 'warn_error': 'None', 'indirect_selection': 'eager', 'fail_fast': 'False', 'partial_parse': 'True', 'send_anonymous_usage_stats': 'True', 'log_path': 'logs', 'warn_error_options': 'WarnErrorOptionsV2(error=[], warn=[], silence=[])', 'static_parser': 'True', 'use_experimental_parser': 'False', 'version_check': 'True', 'introspect': 'True', 'quiet': 'False', 'empty': 'None', 'log_cache_events': 'False', 'debug': 'False', 'profiles_dir': 'C:\\Users\\abdul\\.dbt', 'invocation_command': 'dbt init', 'printer_width': '80', 'write_json': 'True'}
[0m16:53:08.970642 [info ] [MainThread]: Creating dbt configuration folder at C:\Users\abdul\.dbt
[0m16:53:21.624671 [debug] [MainThread]: Starter project path: C:\Users\abdul\OneDrive\文档\Desktop\DBT_YT\.venv\Lib\site-packages\dbt\include\starter_project
[0m16:53:21.632730 [info ] [MainThread]: 
Your new dbt project "dbt_tutorial" was created!

For more information on how to configure the profiles.yml file,
please consult the dbt documentation here:

  https://docs.getdbt.com/docs/configure-your-profile

One more thing:

Need help? Don't hesitate to reach out to us via GitHub issues or on Slack:

  https://community.getdbt.com/

Happy modeling!

[0m16:53:21.632730 [info ] [MainThread]: Setting up your profile.
[0m16:58:17.111091 [info ] [MainThread]: Profile dbt_tutorial written to C:\Users\abdul\.dbt\profiles.yml using target's profile_template.yml and your supplied values. Run 'dbt debug' to validate the connection.
[0m16:58:17.111091 [debug] [MainThread]: Command `dbt init` succeeded at 16:58:17.111091 after 308.52 seconds
[0m16:58:17.111091 [debug] [MainThread]: Sending event: {'category': 'dbt', 'action': 'invocation', 'label': 'end', 'context': [<snowplow_tracker.self_describing_json.SelfDescribingJson object at 0x000001684AD40D40>, <snowplow_tracker.self_describing_json.SelfDescribingJson object at 0x000001684E96FFB0>, <snowplow_tracker.self_describing_json.SelfDescribingJson object at 0x000001684F68B530>]}
[0m16:58:17.111091 [debug] [MainThread]: Flushing usage events
[0m16:58:21.038160 [debug] [MainThread]: An error was encountered while trying to flush usage events
[0m16:59:26.602190 [debug] [MainThread]: Sending event: {'category': 'dbt', 'action': 'invocation', 'label': 'start', 'context': [<snowplow_tracker.self_describing_json.SelfDescribingJson object at 0x000002928FA6AA50>, <snowplow_tracker.self_describing_json.SelfDescribingJson object at 0x000002928D1B02F0>, <snowplow_tracker.self_describing_json.SelfDescribingJson object at 0x000002928D81FD70>]}


============================== 16:59:26.605278 | 7875eedc-0024-4241-ab75-e1299ebbe4c3 ==============================
[0m16:59:26.605278 [info ] [MainThread]: Running with dbt=1.10.13
[0m16:59:26.605278 [debug] [MainThread]: running dbt with arguments {'profiles_dir': 'C:\\Users\\abdul\\.dbt', 'cache_selected_only': 'False', 'target_path': 'None', 'invocation_command': 'dbt debug', 'no_print': 'None', 'warn_error': 'None', 'indirect_selection': 'eager', 'partial_parse': 'True', 'static_parser': 'True', 'send_anonymous_usage_stats': 'True', 'fail_fast': 'False', 'warn_error_options': 'WarnErrorOptionsV2(error=[], warn=[], silence=[])', 'log_path': 'logs', 'version_check': 'True', 'use_experimental_parser': 'False', 'introspect': 'True', 'quiet': 'False', 'empty': 'None', 'log_cache_events': 'False', 'debug': 'False', 'log_format': 'default', 'use_colors': 'True', 'printer_width': '80', 'write_json': 'True'}
[0m16:59:26.642939 [info ] [MainThread]: dbt version: 1.10.13
[0m16:59:26.642939 [info ] [MainThread]: python version: 3.12.4
[0m16:59:26.643916 [info ] [MainThread]: python path: C:\Users\abdul\OneDrive\文档\Desktop\DBT_YT\.venv\Scripts\python.exe
[0m16:59:26.643916 [info ] [MainThread]: os info: Windows-11-10.0.26100-SP0
[0m16:59:26.992495 [info ] [MainThread]: Using profiles dir at C:\Users\abdul\.dbt
[0m16:59:26.993405 [info ] [MainThread]: Using profiles.yml file at C:\Users\abdul\.dbt\profiles.yml
[0m16:59:26.993405 [info ] [MainThread]: Using dbt_project.yml file at C:\Users\abdul\OneDrive\文档\Desktop\DBT_YT\dbt_project.yml
[0m16:59:26.995406 [info ] [MainThread]: adapter type: snowflake
[0m16:59:26.995406 [info ] [MainThread]: adapter version: 1.10.2
[0m16:59:26.995406 [info ] [MainThread]: Configuration:
[0m16:59:26.997049 [info ] [MainThread]:   profiles.yml file [[32mOK found and valid[0m]
[0m16:59:26.998057 [info ] [MainThread]:   dbt_project.yml file [[31mERROR not found[0m]
[0m16:59:26.998057 [info ] [MainThread]: Required dependencies:
[0m16:59:26.999058 [debug] [MainThread]: Executing "git --help"
[0m16:59:27.042587 [debug] [MainThread]: STDOUT: "b"usage: git [-v | --version] [-h | --help] [-C <path>] [-c <name>=<value>]\n           [--exec-path[=<path>]] [--html-path] [--man-path] [--info-path]\n           [-p | --paginate | -P | --no-pager] [--no-replace-objects] [--no-lazy-fetch]\n           [--no-optional-locks] [--no-advice] [--bare] [--git-dir=<path>]\n           [--work-tree=<path>] [--namespace=<name>] [--config-env=<name>=<envvar>]\n           <command> [<args>]\n\nThese are common Git commands used in various situations:\n\nstart a working area (see also: git help tutorial)\n   clone      Clone a repository into a new directory\n   init       Create an empty Git repository or reinitialize an existing one\n\nwork on the current change (see also: git help everyday)\n   add        Add file contents to the index\n   mv         Move or rename a file, a directory, or a symlink\n   restore    Restore working tree files\n   rm         Remove files from the working tree and from the index\n\nexamine the history and state (see also: git help revisions)\n   bisect     Use binary search to find the commit that introduced a bug\n   diff       Show changes between commits, commit and working tree, etc\n   grep       Print lines matching a pattern\n   log        Show commit logs\n   show       Show various types of objects\n   status     Show the working tree status\n\ngrow, mark and tweak your common history\n   backfill   Download missing objects in a partial clone\n   branch     List, create, or delete branches\n   commit     Record changes to the repository\n   merge      Join two or more development histories together\n   rebase     Reapply commits on top of another base tip\n   reset      Reset current HEAD to the specified state\n   switch     Switch branches\n   tag        Create, list, delete or verify a tag object signed with GPG\n\ncollaborate (see also: git help workflows)\n   fetch      Download objects and refs from another repository\n   pull       Fetch from and integrate with another repository or a local branch\n   push       Update remote refs along with associated objects\n\n'git help -a' and 'git help -g' list available subcommands and some\nconcept guides. See 'git help <command>' or 'git help <concept>'\nto read about a specific subcommand or concept.\nSee 'git help git' for an overview of the system.\n""
[0m16:59:27.042587 [debug] [MainThread]: STDERR: "b''"
[0m16:59:27.043585 [info ] [MainThread]:  - git [[32mOK found[0m]

[0m16:59:27.043585 [info ] [MainThread]: Connection:
[0m16:59:27.044585 [info ] [MainThread]:   account: mfrgnos/io24434
[0m16:59:27.045587 [info ] [MainThread]:   user: BASITH
[0m16:59:27.045587 [info ] [MainThread]:   database: dbt_tutrial
[0m16:59:27.046932 [info ] [MainThread]:   warehouse: COMPUTE_WH
[0m16:59:27.046932 [info ] [MainThread]:   role: ACCOUNTADMIN
[0m16:59:27.047940 [info ] [MainThread]:   schema: PUBLIC
[0m16:59:27.047940 [info ] [MainThread]:   authenticator: None
[0m16:59:27.048942 [info ] [MainThread]:   oauth_client_id: None
[0m16:59:27.048942 [info ] [MainThread]:   query_tag: None
[0m16:59:27.048942 [info ] [MainThread]:   client_session_keep_alive: False
[0m16:59:27.048942 [info ] [MainThread]:   host: None
[0m16:59:27.048942 [info ] [MainThread]:   port: None
[0m16:59:27.048942 [info ] [MainThread]:   proxy_host: None
[0m16:59:27.048942 [info ] [MainThread]:   proxy_port: None
[0m16:59:27.048942 [info ] [MainThread]:   protocol: None
[0m16:59:27.048942 [info ] [MainThread]:   connect_retries: 1
[0m16:59:27.048942 [info ] [MainThread]:   connect_timeout: None
[0m16:59:27.048942 [info ] [MainThread]:   retry_on_database_errors: False
[0m16:59:27.054091 [info ] [MainThread]:   retry_all: False
[0m16:59:27.054091 [info ] [MainThread]:   insecure_mode: False
[0m16:59:27.055309 [info ] [MainThread]:   reuse_connections: True
[0m16:59:27.056816 [info ] [MainThread]:   s3_stage_vpce_dns_name: None
[0m16:59:27.056816 [info ] [MainThread]: Registered adapter: snowflake=1.10.2
[0m16:59:27.390540 [debug] [MainThread]: Acquiring new snowflake connection 'debug'
[0m16:59:27.506757 [debug] [MainThread]: Using snowflake connection "debug"
[0m16:59:27.506757 [debug] [MainThread]: On debug: select 1 as id
[0m16:59:27.506757 [debug] [MainThread]: Opening a new connection, currently in state init
[0m16:59:42.794714 [debug] [MainThread]: Snowflake adapter: Error running SQL: select 1 as id
[0m16:59:42.796725 [debug] [MainThread]: Snowflake adapter: Rolling back transaction.
[0m16:59:42.796725 [info ] [MainThread]:   Connection test: [[31mERROR[0m]

[0m16:59:42.797946 [info ] [MainThread]: [31m2 checks failed:[0m
[0m16:59:42.797946 [info ] [MainThread]: Project loading failed for the following reason:
 project path <C:\Users\abdul\OneDrive\文档\Desktop\DBT_YT\dbt_project.yml> not found

[0m16:59:42.797946 [info ] [MainThread]: dbt was unable to connect to the specified database.
The database returned the following error:

  >Database Error
  250001: Could not connect to Snowflake backend after 2 attempt(s).Aborting

Check your database credentials and try again. For more information, visit:
https://docs.getdbt.com/docs/configure-your-profile


[0m16:59:42.797946 [debug] [MainThread]: Command `dbt debug` failed at 16:59:42.797946 after 16.42 seconds
[0m16:59:42.797946 [debug] [MainThread]: Connection 'debug' was left open.
[0m16:59:42.797946 [debug] [MainThread]: On debug: No close available on handle
[0m16:59:42.797946 [debug] [MainThread]: Sending event: {'category': 'dbt', 'action': 'invocation', 'label': 'end', 'context': [<snowplow_tracker.self_describing_json.SelfDescribingJson object at 0x000002928CCCFF80>, <snowplow_tracker.self_describing_json.SelfDescribingJson object at 0x0000029291FDFAD0>, <snowplow_tracker.self_describing_json.SelfDescribingJson object at 0x000002929246FAD0>]}
[0m16:59:42.797946 [debug] [MainThread]: Flushing usage events
[0m16:59:44.541112 [debug] [MainThread]: An error was encountered while trying to flush usage events
[0m17:05:50.001925 [debug] [MainThread]: Sending event: {'category': 'dbt', 'action': 'invocation', 'label': 'start', 'context': [<snowplow_tracker.self_describing_json.SelfDescribingJson object at 0x000001EF9AF5F740>, <snowplow_tracker.self_describing_json.SelfDescribingJson object at 0x000001EF9D6E1820>, <snowplow_tracker.self_describing_json.SelfDescribingJson object at 0x000001EF9D9E3FE0>]}


============================== 17:05:50.012240 | 860e0d7d-541a-431b-bf0d-2c65e4300ba0 ==============================
[0m17:05:50.012240 [info ] [MainThread]: Running with dbt=1.10.13
[0m17:05:50.014587 [debug] [MainThread]: running dbt with arguments {'use_colors': 'True', 'log_format': 'default', 'write_json': 'True', 'no_print': 'None', 'printer_width': '80', 'warn_error': 'None', 'indirect_selection': 'eager', 'fail_fast': 'False', 'static_parser': 'True', 'send_anonymous_usage_stats': 'True', 'partial_parse': 'True', 'warn_error_options': 'WarnErrorOptionsV2(error=[], warn=[], silence=[])', 'log_path': 'logs', 'use_experimental_parser': 'False', 'version_check': 'True', 'quiet': 'False', 'introspect': 'True', 'empty': 'None', 'log_cache_events': 'False', 'debug': 'False', 'profiles_dir': 'C:\\Users\\abdul\\.dbt', 'invocation_command': 'dbt debug', 'cache_selected_only': 'False', 'target_path': 'None'}
[0m17:05:50.023480 [info ] [MainThread]: dbt version: 1.10.13
[0m17:05:50.023480 [info ] [MainThread]: python version: 3.12.4
[0m17:05:50.023480 [info ] [MainThread]: python path: C:\Users\abdul\OneDrive\文档\Desktop\DBT_YT\.venv\Scripts\python.exe
[0m17:05:50.023480 [info ] [MainThread]: os info: Windows-11-10.0.26100-SP0
[0m17:05:50.296971 [info ] [MainThread]: Using profiles dir at C:\Users\abdul\.dbt
[0m17:05:50.296971 [info ] [MainThread]: Using profiles.yml file at C:\Users\abdul\.dbt\profiles.yml
[0m17:05:50.296971 [info ] [MainThread]: Using dbt_project.yml file at C:\Users\abdul\OneDrive\文档\Desktop\DBT_YT\dbt_project.yml
[0m17:05:50.296971 [info ] [MainThread]: adapter type: snowflake
[0m17:05:50.296971 [info ] [MainThread]: adapter version: 1.10.2
[0m17:05:50.296971 [info ] [MainThread]: Configuration:
[0m17:05:50.296971 [info ] [MainThread]:   profiles.yml file [[32mOK found and valid[0m]
[0m17:05:50.296971 [info ] [MainThread]:   dbt_project.yml file [[31mERROR not found[0m]
[0m17:05:50.296971 [info ] [MainThread]: Required dependencies:
[0m17:05:50.296971 [debug] [MainThread]: Executing "git --help"
[0m17:05:50.332075 [debug] [MainThread]: STDOUT: "b"usage: git [-v | --version] [-h | --help] [-C <path>] [-c <name>=<value>]\n           [--exec-path[=<path>]] [--html-path] [--man-path] [--info-path]\n           [-p | --paginate | -P | --no-pager] [--no-replace-objects] [--no-lazy-fetch]\n           [--no-optional-locks] [--no-advice] [--bare] [--git-dir=<path>]\n           [--work-tree=<path>] [--namespace=<name>] [--config-env=<name>=<envvar>]\n           <command> [<args>]\n\nThese are common Git commands used in various situations:\n\nstart a working area (see also: git help tutorial)\n   clone      Clone a repository into a new directory\n   init       Create an empty Git repository or reinitialize an existing one\n\nwork on the current change (see also: git help everyday)\n   add        Add file contents to the index\n   mv         Move or rename a file, a directory, or a symlink\n   restore    Restore working tree files\n   rm         Remove files from the working tree and from the index\n\nexamine the history and state (see also: git help revisions)\n   bisect     Use binary search to find the commit that introduced a bug\n   diff       Show changes between commits, commit and working tree, etc\n   grep       Print lines matching a pattern\n   log        Show commit logs\n   show       Show various types of objects\n   status     Show the working tree status\n\ngrow, mark and tweak your common history\n   backfill   Download missing objects in a partial clone\n   branch     List, create, or delete branches\n   commit     Record changes to the repository\n   merge      Join two or more development histories together\n   rebase     Reapply commits on top of another base tip\n   reset      Reset current HEAD to the specified state\n   switch     Switch branches\n   tag        Create, list, delete or verify a tag object signed with GPG\n\ncollaborate (see also: git help workflows)\n   fetch      Download objects and refs from another repository\n   pull       Fetch from and integrate with another repository or a local branch\n   push       Update remote refs along with associated objects\n\n'git help -a' and 'git help -g' list available subcommands and some\nconcept guides. See 'git help <command>' or 'git help <concept>'\nto read about a specific subcommand or concept.\nSee 'git help git' for an overview of the system.\n""
[0m17:05:50.332075 [debug] [MainThread]: STDERR: "b''"
[0m17:05:50.332075 [info ] [MainThread]:  - git [[32mOK found[0m]

[0m17:05:50.335170 [info ] [MainThread]: Connection:
[0m17:05:50.336324 [info ] [MainThread]:   account: mfrgnos.io24434
[0m17:05:50.336705 [info ] [MainThread]:   user: BASITH
[0m17:05:50.337177 [info ] [MainThread]:   database: dbt_tutrial
[0m17:05:50.337584 [info ] [MainThread]:   warehouse: COMPUTE_WH
[0m17:05:50.337584 [info ] [MainThread]:   role: ACCOUNTADMIN
[0m17:05:50.337584 [info ] [MainThread]:   schema: PUBLIC
[0m17:05:50.338590 [info ] [MainThread]:   authenticator: None
[0m17:05:50.338590 [info ] [MainThread]:   oauth_client_id: None
[0m17:05:50.338590 [info ] [MainThread]:   query_tag: None
[0m17:05:50.338590 [info ] [MainThread]:   client_session_keep_alive: False
[0m17:05:50.339588 [info ] [MainThread]:   host: None
[0m17:05:50.339588 [info ] [MainThread]:   port: None
[0m17:05:50.339588 [info ] [MainThread]:   proxy_host: None
[0m17:05:50.339588 [info ] [MainThread]:   proxy_port: None
[0m17:05:50.340567 [info ] [MainThread]:   protocol: None
[0m17:05:50.341177 [info ] [MainThread]:   connect_retries: 1
[0m17:05:50.341596 [info ] [MainThread]:   connect_timeout: None
[0m17:05:50.341596 [info ] [MainThread]:   retry_on_database_errors: False
[0m17:05:50.341596 [info ] [MainThread]:   retry_all: False
[0m17:05:50.343611 [info ] [MainThread]:   insecure_mode: False
[0m17:05:50.343611 [info ] [MainThread]:   reuse_connections: True
[0m17:05:50.343611 [info ] [MainThread]:   s3_stage_vpce_dns_name: None
[0m17:05:50.343611 [info ] [MainThread]: Registered adapter: snowflake=1.10.2
[0m17:05:50.624966 [debug] [MainThread]: Acquiring new snowflake connection 'debug'
[0m17:05:50.687104 [debug] [MainThread]: Using snowflake connection "debug"
[0m17:05:50.687104 [debug] [MainThread]: On debug: select 1 as id
[0m17:05:50.687104 [debug] [MainThread]: Opening a new connection, currently in state init
[0m17:05:54.052398 [debug] [MainThread]: Snowflake adapter: Error running SQL: select 1 as id
[0m17:05:54.053234 [debug] [MainThread]: Snowflake adapter: Rolling back transaction.
[0m17:05:54.053234 [info ] [MainThread]:   Connection test: [[31mERROR[0m]

[0m17:05:54.053234 [info ] [MainThread]: [31m2 checks failed:[0m
[0m17:05:54.053234 [info ] [MainThread]: Project loading failed for the following reason:
 project path <C:\Users\abdul\OneDrive\文档\Desktop\DBT_YT\dbt_project.yml> not found

[0m17:05:54.053234 [info ] [MainThread]: dbt was unable to connect to the specified database.
The database returned the following error:

  >Database Error
  290404 (08001): 404 Not Found: post mfrgnos.io24434.snowflakecomputing.com:443/session/v1/login-request

Check your database credentials and try again. For more information, visit:
https://docs.getdbt.com/docs/configure-your-profile


[0m17:05:54.053234 [debug] [MainThread]: Command `dbt debug` failed at 17:05:54.053234 after 4.15 seconds
[0m17:05:54.053234 [debug] [MainThread]: Connection 'debug' was left open.
[0m17:05:54.053234 [debug] [MainThread]: On debug: No close available on handle
[0m17:05:54.053234 [debug] [MainThread]: Sending event: {'category': 'dbt', 'action': 'invocation', 'label': 'end', 'context': [<snowplow_tracker.self_describing_json.SelfDescribingJson object at 0x000001EFA04DD910>, <snowplow_tracker.self_describing_json.SelfDescribingJson object at 0x000001EF9DBFCEC0>, <snowplow_tracker.self_describing_json.SelfDescribingJson object at 0x000001EF9DBFE8D0>]}
[0m17:05:54.053234 [debug] [MainThread]: Flushing usage events
[0m17:05:55.387440 [debug] [MainThread]: An error was encountered while trying to flush usage events
